android/app/build/intermediates/manifest_merge_blame_file/debug/manifest-merger-blame-debug-report.txt
1<?xml version="1.0" encoding="utf-8"?>
2<manifest xmlns:android="http://schemas.android.com/apk/res/android"
3    package="Water.App"
4    android:versionCode="1"
5    android:versionName="1.0.0" >
6
7    <uses-sdk
8        android:minSdkVersion="21"
9        android:targetSdkVersion="31" />
10
11    <uses-permission android:name="android.permission.SYSTEM_ALERT_WINDOW" />
11-->src\main\AndroidManifest.xml:4:3-75
11-->src\main\AndroidManifest.xml:4:20-73
12    <uses-permission android:name="android.permission.INTERNET" />
12-->src\main\AndroidManifest.xml:2:3-64
12-->src\main\AndroidManifest.xml:2:20-62
13    <uses-permission android:name="android.permission.READ_EXTERNAL_STORAGE" />
13-->src\main\AndroidManifest.xml:3:3-77
13-->src\main\AndroidManifest.xml:3:20-75
14    <uses-permission android:name="android.permission.VIBRATE" />
14-->src\main\AndroidManifest.xml:5:3-63
14-->src\main\AndroidManifest.xml:5:20-61
15    <uses-permission android:name="android.permission.WRITE_EXTERNAL_STORAGE" />
15-->src\main\AndroidManifest.xml:6:3-78
15-->src\main\AndroidManifest.xml:6:20-76
16
17    <queries>
17-->src\main\AndroidManifest.xml:7:3-13:13
18        <intent>
18-->src\main\AndroidManifest.xml:8:5-12:14
19            <action android:name="android.intent.action.VIEW" />
19-->src\main\AndroidManifest.xml:9:7-58
19-->src\main\AndroidManifest.xml:9:15-56
20
21            <category android:name="android.intent.category.BROWSABLE" />
21-->src\main\AndroidManifest.xml:10:7-67
21-->src\main\AndroidManifest.xml:10:17-65
22
23            <data android:scheme="https" />
23-->src\main\AndroidManifest.xml:11:7-37
23-->src\main\AndroidManifest.xml:11:13-35
24        </intent>
25        <!-- Query open documents -->
26        <intent>
26-->[:expo-file-system] AndroidManifest.xml:17:9-19:18
27            <action android:name="android.intent.action.OPEN_DOCUMENT_TREE" />
27-->[:expo-file-system] AndroidManifest.xml:18:13-79
27-->[:expo-file-system] AndroidManifest.xml:18:21-76
28        </intent>
29    </queries>
30
31    <uses-permission android:name="android.permission.ACCESS_WIFI_STATE" />
31-->[com.facebook.flipper:flipper:0.125.0] AndroidManifest.xml:16:5-76
31-->[com.facebook.flipper:flipper:0.125.0] AndroidManifest.xml:16:22-73
32    <uses-permission android:name="android.permission.WAKE_LOCK" />
32-->[androidx.work:work-runtime:2.7.1] AndroidManifest.xml:25:5-68
32-->[androidx.work:work-runtime:2.7.1] AndroidManifest.xml:25:22-65
33    <uses-permission android:name="android.permission.ACCESS_NETWORK_STATE" />
33-->[androidx.work:work-runtime:2.7.1] AndroidManifest.xml:26:5-79
33-->[androidx.work:work-runtime:2.7.1] AndroidManifest.xml:26:22-76
34    <uses-permission android:name="android.permission.RECEIVE_BOOT_COMPLETED" />
34-->[androidx.work:work-runtime:2.7.1] AndroidManifest.xml:27:5-81
34-->[androidx.work:work-runtime:2.7.1] AndroidManifest.xml:27:22-78
35    <uses-permission android:name="android.permission.FOREGROUND_SERVICE" />
35-->[androidx.work:work-runtime:2.7.1] AndroidManifest.xml:28:5-77
35-->[androidx.work:work-runtime:2.7.1] AndroidManifest.xml:28:22-74
36    <uses-permission android:name="android.permission.USE_FULL_SCREEN_INTENT" />
36-->[app.notifee:core:202108261754] AndroidManifest.xml:15:5-81
36-->[app.notifee:core:202108261754] AndroidManifest.xml:15:22-78
37    <uses-permission android:name="android.permission.SCHEDULE_EXACT_ALARM" />
37-->[app.notifee:core:202108261754] AndroidManifest.xml:16:5-79
37-->[app.notifee:core:202108261754] AndroidManifest.xml:16:22-76
38    <uses-permission
38-->[app.notifee:core:202108261754] AndroidManifest.xml:17:5-19:38
39        android:name="android.permission.BROADCAST_CLOSE_SYSTEM_DIALOGS"
39-->[app.notifee:core:202108261754] AndroidManifest.xml:18:9-73
40        android:maxSdkVersion="30" />
40-->[app.notifee:core:202108261754] AndroidManifest.xml:19:9-35
41    <uses-permission android:name="com.google.android.finsky.permission.BIND_GET_INSTALL_REFERRER_SERVICE" />
41-->[com.android.installreferrer:installreferrer:1.0] AndroidManifest.xml:9:5-110
41-->[com.android.installreferrer:installreferrer:1.0] AndroidManifest.xml:9:22-107
42
43    <application
43-->src\main\AndroidManifest.xml:14:3-33:17
44        android:name="Water.App.MainApplication"
44-->src\main\AndroidManifest.xml:14:16-47
45        android:allowBackup="true"
45-->src\main\AndroidManifest.xml:14:162-188
46        android:appComponentFactory="androidx.core.app.CoreComponentFactory"
46-->[androidx.core:core:1.6.0] AndroidManifest.xml:24:18-86
47        android:debuggable="true"
48        android:icon="@mipmap/ic_launcher"
48-->src\main\AndroidManifest.xml:14:81-115
49        android:label="@string/app_name"
49-->src\main\AndroidManifest.xml:14:48-80
50        android:roundIcon="@mipmap/ic_launcher_round"
50-->src\main\AndroidManifest.xml:14:116-161
51        android:theme="@style/AppTheme"
51-->src\main\AndroidManifest.xml:14:189-220
52        android:usesCleartextTraffic="true" >
52-->src\main\AndroidManifest.xml:14:221-256
53        <meta-data
53-->src\main\AndroidManifest.xml:15:5-82
54            android:name="expo.modules.updates.ENABLED"
54-->src\main\AndroidManifest.xml:15:16-59
55            android:value="true" />
55-->src\main\AndroidManifest.xml:15:60-80
56        <meta-data
56-->src\main\AndroidManifest.xml:16:5-93
57            android:name="expo.modules.updates.EXPO_SDK_VERSION"
57-->src\main\AndroidManifest.xml:16:16-68
58            android:value="45.0.0" />
58-->src\main\AndroidManifest.xml:16:69-91
59        <meta-data
59-->src\main\AndroidManifest.xml:17:5-105
60            android:name="expo.modules.updates.EXPO_UPDATES_CHECK_ON_LAUNCH"
60-->src\main\AndroidManifest.xml:17:16-80
61            android:value="ALWAYS" />
61-->src\main\AndroidManifest.xml:17:81-103
62        <meta-data
62-->src\main\AndroidManifest.xml:18:5-99
63            android:name="expo.modules.updates.EXPO_UPDATES_LAUNCH_WAIT_MS"
63-->src\main\AndroidManifest.xml:18:16-79
64            android:value="0" />
64-->src\main\AndroidManifest.xml:18:80-97
65        <meta-data
65-->src\main\AndroidManifest.xml:19:5-123
66            android:name="expo.modules.updates.EXPO_UPDATE_URL"
66-->src\main\AndroidManifest.xml:19:16-67
67            android:value="https://exp.host/@anonymous/water-app" />
67-->src\main\AndroidManifest.xml:19:68-121
68
69        <activity
69-->src\main\AndroidManifest.xml:20:5-31:16
70            android:name="Water.App.MainActivity"
70-->src\main\AndroidManifest.xml:20:15-43
71            android:configChanges="keyboard|keyboardHidden|orientation|screenSize|uiMode"
71-->src\main\AndroidManifest.xml:20:77-154
72            android:exported="true"
72-->src\main\AndroidManifest.xml:20:276-299
73            android:label="@string/app_name"
73-->src\main\AndroidManifest.xml:20:44-76
74            android:launchMode="singleTask"
74-->src\main\AndroidManifest.xml:20:155-186
75            android:screenOrientation="portrait"
75-->src\main\AndroidManifest.xml:20:300-336
76            android:theme="@style/Theme.App.SplashScreen"
76-->src\main\AndroidManifest.xml:20:230-275
77            android:windowSoftInputMode="adjustResize" >
77-->src\main\AndroidManifest.xml:20:187-229
78            <intent-filter>
78-->src\main\AndroidManifest.xml:21:7-24:23
79                <action android:name="android.intent.action.MAIN" />
79-->src\main\AndroidManifest.xml:22:9-60
79-->src\main\AndroidManifest.xml:22:17-58
80
81                <category android:name="android.intent.category.LAUNCHER" />
81-->src\main\AndroidManifest.xml:23:9-68
81-->src\main\AndroidManifest.xml:23:19-66
82            </intent-filter>
83            <intent-filter>
83-->src\main\AndroidManifest.xml:25:7-30:23
84                <action android:name="android.intent.action.VIEW" />
84-->src\main\AndroidManifest.xml:9:7-58
84-->src\main\AndroidManifest.xml:9:15-56
85
86                <category android:name="android.intent.category.DEFAULT" />
86-->src\main\AndroidManifest.xml:27:9-67
86-->src\main\AndroidManifest.xml:27:19-65
87                <category android:name="android.intent.category.BROWSABLE" />
87-->src\main\AndroidManifest.xml:10:7-67
87-->src\main\AndroidManifest.xml:10:17-65
88
89                <data android:scheme="Water.App" />
89-->src\main\AndroidManifest.xml:11:7-37
89-->src\main\AndroidManifest.xml:11:13-35
90            </intent-filter>
91        </activity>
92        <activity
92-->src\main\AndroidManifest.xml:32:5-106
93            android:name="com.facebook.react.devsupport.DevSettingsActivity"
93-->src\main\AndroidManifest.xml:32:15-79
94            android:exported="false" />
94-->src\main\AndroidManifest.xml:32:80-104
95
96        <provider
96-->[:notifee_react-native] AndroidManifest.xml:10:9-14:40
97            android:name="io.invertase.notifee.NotifeeInitProvider"
97-->[:notifee_react-native] AndroidManifest.xml:11:13-68
98            android:authorities="Water.App.notifee-init-provider"
98-->[:notifee_react-native] AndroidManifest.xml:12:13-73
99            android:exported="false"
99-->[:notifee_react-native] AndroidManifest.xml:13:13-37
100            android:initOrder="-100" />
100-->[:notifee_react-native] AndroidManifest.xml:14:13-37
101        <provider
101-->[:expo-file-system] AndroidManifest.xml:23:9-32:20
102            android:name="expo.modules.filesystem.FileSystemFileProvider"
102-->[:expo-file-system] AndroidManifest.xml:24:13-74
103            android:authorities="Water.App.FileSystemFileProvider"
103-->[:expo-file-system] AndroidManifest.xml:25:13-74
104            android:exported="false"
104-->[:expo-file-system] AndroidManifest.xml:26:13-37
105            android:grantUriPermissions="true" >
105-->[:expo-file-system] AndroidManifest.xml:27:13-47
106            <meta-data
106-->[:expo-file-system] AndroidManifest.xml:29:13-31:70
107                android:name="android.support.FILE_PROVIDER_PATHS"
107-->[:expo-file-system] AndroidManifest.xml:30:17-67
108                android:resource="@xml/file_system_provider_paths" />
108-->[:expo-file-system] AndroidManifest.xml:31:17-67
109        </provider>
110
111        <meta-data
111-->[:expo-modules-core] AndroidManifest.xml:10:9-12:89
112            android:name="org.unimodules.core.AppLoader#react-native-headless"
112-->[:expo-modules-core] AndroidManifest.xml:11:13-79
113            android:value="expo.modules.adapters.react.apploader.RNHeadlessAppLoader" />
113-->[:expo-modules-core] AndroidManifest.xml:12:13-86
114
115        <provider
115-->[androidx.work:work-runtime:2.7.1] AndroidManifest.xml:31:9-39:20
116            android:name="androidx.startup.InitializationProvider"
116-->[androidx.work:work-runtime:2.7.1] AndroidManifest.xml:32:13-67
117            android:authorities="Water.App.androidx-startup"
117-->[androidx.work:work-runtime:2.7.1] AndroidManifest.xml:33:13-68
118            android:exported="false" >
118-->[androidx.work:work-runtime:2.7.1] AndroidManifest.xml:34:13-37
119            <meta-data
119-->[androidx.work:work-runtime:2.7.1] AndroidManifest.xml:36:13-38:52
120                android:name="androidx.work.WorkManagerInitializer"
120-->[androidx.work:work-runtime:2.7.1] AndroidManifest.xml:37:17-68
121                android:value="androidx.startup" />
121-->[androidx.work:work-runtime:2.7.1] AndroidManifest.xml:38:17-49
122        </provider>
123
124        <service
124-->[androidx.work:work-runtime:2.7.1] AndroidManifest.xml:41:9-46:35
125            android:name="androidx.work.impl.background.systemalarm.SystemAlarmService"
125-->[androidx.work:work-runtime:2.7.1] AndroidManifest.xml:42:13-88
126            android:directBootAware="false"
126-->[androidx.work:work-runtime:2.7.1] AndroidManifest.xml:43:13-44
127            android:enabled="@bool/enable_system_alarm_service_default"
127-->[androidx.work:work-runtime:2.7.1] AndroidManifest.xml:44:13-72
128            android:exported="false" />
128-->[androidx.work:work-runtime:2.7.1] AndroidManifest.xml:45:13-37
129        <service
129-->[androidx.work:work-runtime:2.7.1] AndroidManifest.xml:47:9-53:35
130            android:name="androidx.work.impl.background.systemjob.SystemJobService"
130-->[androidx.work:work-runtime:2.7.1] AndroidManifest.xml:48:13-84
131            android:directBootAware="false"
131-->[androidx.work:work-runtime:2.7.1] AndroidManifest.xml:49:13-44
132            android:enabled="@bool/enable_system_job_service_default"
132-->[androidx.work:work-runtime:2.7.1] AndroidManifest.xml:50:13-70
133            android:exported="true"
133-->[androidx.work:work-runtime:2.7.1] AndroidManifest.xml:51:13-36
134            android:permission="android.permission.BIND_JOB_SERVICE" />
134-->[androidx.work:work-runtime:2.7.1] AndroidManifest.xml:52:13-69
135        <service
135-->[androidx.work:work-runtime:2.7.1] AndroidManifest.xml:54:9-59:35
136            android:name="androidx.work.impl.foreground.SystemForegroundService"
136-->[androidx.work:work-runtime:2.7.1] AndroidManifest.xml:55:13-81
137            android:directBootAware="false"
137-->[androidx.work:work-runtime:2.7.1] AndroidManifest.xml:56:13-44
138            android:enabled="@bool/enable_system_foreground_service_default"
138-->[androidx.work:work-runtime:2.7.1] AndroidManifest.xml:57:13-77
139            android:exported="false" />
139-->[androidx.work:work-runtime:2.7.1] AndroidManifest.xml:58:13-37
140
141        <receiver
141-->[androidx.work:work-runtime:2.7.1] AndroidManifest.xml:61:9-66:35
142            android:name="androidx.work.impl.utils.ForceStopRunnable$BroadcastReceiver"
142-->[androidx.work:work-runtime:2.7.1] AndroidManifest.xml:62:13-88
143            android:directBootAware="false"
143-->[androidx.work:work-runtime:2.7.1] AndroidManifest.xml:63:13-44
144            android:enabled="true"
144-->[androidx.work:work-runtime:2.7.1] AndroidManifest.xml:64:13-35
145            android:exported="false" />
145-->[androidx.work:work-runtime:2.7.1] AndroidManifest.xml:65:13-37
146        <receiver
146-->[androidx.work:work-runtime:2.7.1] AndroidManifest.xml:67:9-77:20
147            android:name="androidx.work.impl.background.systemalarm.ConstraintProxy$BatteryChargingProxy"
147-->[androidx.work:work-runtime:2.7.1] AndroidManifest.xml:68:13-106
148            android:directBootAware="false"
148-->[androidx.work:work-runtime:2.7.1] AndroidManifest.xml:69:13-44
149            android:enabled="false"
149-->[androidx.work:work-runtime:2.7.1] AndroidManifest.xml:70:13-36
150            android:exported="false" >
150-->[androidx.work:work-runtime:2.7.1] AndroidManifest.xml:71:13-37
151            <intent-filter>
151-->[androidx.work:work-runtime:2.7.1] AndroidManifest.xml:73:13-76:29
152                <action android:name="android.intent.action.ACTION_POWER_CONNECTED" />
152-->[androidx.work:work-runtime:2.7.1] AndroidManifest.xml:74:17-87
152-->[androidx.work:work-runtime:2.7.1] AndroidManifest.xml:74:25-84
153                <action android:name="android.intent.action.ACTION_POWER_DISCONNECTED" />
153-->[androidx.work:work-runtime:2.7.1] AndroidManifest.xml:75:17-90
153-->[androidx.work:work-runtime:2.7.1] AndroidManifest.xml:75:25-87
154            </intent-filter>
155        </receiver>
156        <receiver
156-->[androidx.work:work-runtime:2.7.1] AndroidManifest.xml:78:9-88:20
157            android:name="androidx.work.impl.background.systemalarm.ConstraintProxy$BatteryNotLowProxy"
157-->[androidx.work:work-runtime:2.7.1] AndroidManifest.xml:79:13-104
158            android:directBootAware="false"
158-->[androidx.work:work-runtime:2.7.1] AndroidManifest.xml:80:13-44
159            android:enabled="false"
159-->[androidx.work:work-runtime:2.7.1] AndroidManifest.xml:81:13-36
160            android:exported="false" >
160-->[androidx.work:work-runtime:2.7.1] AndroidManifest.xml:82:13-37
161            <intent-filter>
161-->[androidx.work:work-runtime:2.7.1] AndroidManifest.xml:84:13-87:29
162                <action android:name="android.intent.action.BATTERY_OKAY" />
162-->[androidx.work:work-runtime:2.7.1] AndroidManifest.xml:85:17-77
162-->[androidx.work:work-runtime:2.7.1] AndroidManifest.xml:85:25-74
163                <action android:name="android.intent.action.BATTERY_LOW" />
163-->[androidx.work:work-runtime:2.7.1] AndroidManifest.xml:86:17-76
163-->[androidx.work:work-runtime:2.7.1] AndroidManifest.xml:86:25-73
164            </intent-filter>
165        </receiver>
166        <receiver
166-->[androidx.work:work-runtime:2.7.1] AndroidManifest.xml:89:9-99:20
167            android:name="androidx.work.impl.background.systemalarm.ConstraintProxy$StorageNotLowProxy"
167-->[androidx.work:work-runtime:2.7.1] AndroidManifest.xml:90:13-104
168            android:directBootAware="false"
168-->[androidx.work:work-runtime:2.7.1] AndroidManifest.xml:91:13-44
169            android:enabled="false"
169-->[androidx.work:work-runtime:2.7.1] AndroidManifest.xml:92:13-36
170            android:exported="false" >
170-->[androidx.work:work-runtime:2.7.1] AndroidManifest.xml:93:13-37
171            <intent-filter>
171-->[androidx.work:work-runtime:2.7.1] AndroidManifest.xml:95:13-98:29
172                <action android:name="android.intent.action.DEVICE_STORAGE_LOW" />
172-->[androidx.work:work-runtime:2.7.1] AndroidManifest.xml:96:17-83
172-->[androidx.work:work-runtime:2.7.1] AndroidManifest.xml:96:25-80
173                <action android:name="android.intent.action.DEVICE_STORAGE_OK" />
173-->[androidx.work:work-runtime:2.7.1] AndroidManifest.xml:97:17-82
173-->[androidx.work:work-runtime:2.7.1] AndroidManifest.xml:97:25-79
174            </intent-filter>
175        </receiver>
176        <receiver
176-->[androidx.work:work-runtime:2.7.1] AndroidManifest.xml:100:9-109:20
177            android:name="androidx.work.impl.background.systemalarm.ConstraintProxy$NetworkStateProxy"
177-->[androidx.work:work-runtime:2.7.1] AndroidManifest.xml:101:13-103
178            android:directBootAware="false"
178-->[androidx.work:work-runtime:2.7.1] AndroidManifest.xml:102:13-44
179            android:enabled="false"
179-->[androidx.work:work-runtime:2.7.1] AndroidManifest.xml:103:13-36
180            android:exported="false" >
180-->[androidx.work:work-runtime:2.7.1] AndroidManifest.xml:104:13-37
181            <intent-filter>
181-->[androidx.work:work-runtime:2.7.1] AndroidManifest.xml:106:13-108:29
182                <action android:name="android.net.conn.CONNECTIVITY_CHANGE" />
182-->[androidx.work:work-runtime:2.7.1] AndroidManifest.xml:107:17-79
182-->[androidx.work:work-runtime:2.7.1] AndroidManifest.xml:107:25-76
183            </intent-filter>
184        </receiver>
185        <receiver
185-->[androidx.work:work-runtime:2.7.1] AndroidManifest.xml:110:9-121:20
186            android:name="androidx.work.impl.background.systemalarm.RescheduleReceiver"
186-->[androidx.work:work-runtime:2.7.1] AndroidManifest.xml:111:13-88
187            android:directBootAware="false"
187-->[androidx.work:work-runtime:2.7.1] AndroidManifest.xml:112:13-44
188            android:enabled="false"
188-->[androidx.work:work-runtime:2.7.1] AndroidManifest.xml:113:13-36
189            android:exported="false" >
189-->[androidx.work:work-runtime:2.7.1] AndroidManifest.xml:114:13-37
190            <intent-filter>
190-->[androidx.work:work-runtime:2.7.1] AndroidManifest.xml:116:13-120:29
191                <action android:name="android.intent.action.BOOT_COMPLETED" />
191-->[androidx.work:work-runtime:2.7.1] AndroidManifest.xml:117:17-79
191-->[androidx.work:work-runtime:2.7.1] AndroidManifest.xml:117:25-76
192                <action android:name="android.intent.action.TIME_SET" />
192-->[androidx.work:work-runtime:2.7.1] AndroidManifest.xml:118:17-73
192-->[androidx.work:work-runtime:2.7.1] AndroidManifest.xml:118:25-70
193                <action android:name="android.intent.action.TIMEZONE_CHANGED" />
193-->[androidx.work:work-runtime:2.7.1] AndroidManifest.xml:119:17-81
193-->[androidx.work:work-runtime:2.7.1] AndroidManifest.xml:119:25-78
194            </intent-filter>
195        </receiver>
196        <receiver
196-->[androidx.work:work-runtime:2.7.1] AndroidManifest.xml:122:9-131:20
197            android:name="androidx.work.impl.background.systemalarm.ConstraintProxyUpdateReceiver"
197-->[androidx.work:work-runtime:2.7.1] AndroidManifest.xml:123:13-99
198            android:directBootAware="false"
198-->[androidx.work:work-runtime:2.7.1] AndroidManifest.xml:124:13-44
199            android:enabled="@bool/enable_system_alarm_service_default"
199-->[androidx.work:work-runtime:2.7.1] AndroidManifest.xml:125:13-72
200            android:exported="false" >
200-->[androidx.work:work-runtime:2.7.1] AndroidManifest.xml:126:13-37
201            <intent-filter>
201-->[androidx.work:work-runtime:2.7.1] AndroidManifest.xml:128:13-130:29
202                <action android:name="androidx.work.impl.background.systemalarm.UpdateProxies" />
202-->[androidx.work:work-runtime:2.7.1] AndroidManifest.xml:129:17-98
202-->[androidx.work:work-runtime:2.7.1] AndroidManifest.xml:129:25-95
203            </intent-filter>
204        </receiver>
205        <receiver
205-->[androidx.work:work-runtime:2.7.1] AndroidManifest.xml:132:9-142:20
206            android:name="androidx.work.impl.diagnostics.DiagnosticsReceiver"
206-->[androidx.work:work-runtime:2.7.1] AndroidManifest.xml:133:13-78
207            android:directBootAware="false"
207-->[androidx.work:work-runtime:2.7.1] AndroidManifest.xml:134:13-44
208            android:enabled="true"
208-->[androidx.work:work-runtime:2.7.1] AndroidManifest.xml:135:13-35
209            android:exported="true"
209-->[androidx.work:work-runtime:2.7.1] AndroidManifest.xml:136:13-36
210            android:permission="android.permission.DUMP" >
210-->[androidx.work:work-runtime:2.7.1] AndroidManifest.xml:137:13-57
211            <intent-filter>
211-->[androidx.work:work-runtime:2.7.1] AndroidManifest.xml:139:13-141:29
212                <action android:name="androidx.work.diagnostics.REQUEST_DIAGNOSTICS" />
212-->[androidx.work:work-runtime:2.7.1] AndroidManifest.xml:140:17-88
212-->[androidx.work:work-runtime:2.7.1] AndroidManifest.xml:140:25-85
213            </intent-filter>
214        </receiver>
215
216        <service
216-->[androidx.room:room-runtime:2.2.5] AndroidManifest.xml:25:9-28:40
217            android:name="androidx.room.MultiInstanceInvalidationService"
217-->[androidx.room:room-runtime:2.2.5] AndroidManifest.xml:26:13-74
218            android:directBootAware="true"
218-->[androidx.room:room-runtime:2.2.5] AndroidManifest.xml:27:13-43
219            android:exported="false" />
219-->[androidx.room:room-runtime:2.2.5] AndroidManifest.xml:28:13-37
220
221        <meta-data
221-->[com.google.android.gms:play-services-basement:18.0.0] AndroidManifest.xml:21:9-23:69
222            android:name="com.google.android.gms.version"
222-->[com.google.android.gms:play-services-basement:18.0.0] AndroidManifest.xml:22:13-58
223            android:value="@integer/google_play_services_version" /> <!-- Receiver Service -->
223-->[com.google.android.gms:play-services-basement:18.0.0] AndroidManifest.xml:23:13-66
224        <service
224-->[app.notifee:core:202108261754] AndroidManifest.xml:24:9-26:40
225            android:name="app.notifee.core.ReceiverService"
225-->[app.notifee:core:202108261754] AndroidManifest.xml:25:13-60
226            android:exported="false" />
226-->[app.notifee:core:202108261754] AndroidManifest.xml:26:13-37
227
228        <activity
228-->[app.notifee:core:202108261754] AndroidManifest.xml:28:9-34:75
229            android:name="app.notifee.core.NotificationReceiverActivity"
229-->[app.notifee:core:202108261754] AndroidManifest.xml:29:13-73
230            android:excludeFromRecents="true"
230-->[app.notifee:core:202108261754] AndroidManifest.xml:30:13-46
231            android:exported="true"
231-->[app.notifee:core:202108261754] AndroidManifest.xml:31:13-36
232            android:noHistory="true"
232-->[app.notifee:core:202108261754] AndroidManifest.xml:32:13-37
233            android:taskAffinity=""
233-->[app.notifee:core:202108261754] AndroidManifest.xml:33:13-36
234            android:theme="@android:style/Theme.Translucent.NoTitleBar" /> <!-- Foreground Service -->
234-->[app.notifee:core:202108261754] AndroidManifest.xml:34:13-72
235        <service
235-->[app.notifee:core:202108261754] AndroidManifest.xml:37:9-39:40
236            android:name="app.notifee.core.ForegroundService"
236-->[app.notifee:core:202108261754] AndroidManifest.xml:38:13-62
237            android:exported="false" />
237-->[app.notifee:core:202108261754] AndroidManifest.xml:39:13-37
238
239        <receiver
239-->[app.notifee:core:202108261754] AndroidManifest.xml:41:9-49:20
240            android:name="app.notifee.core.RebootBroadcastReceiver"
240-->[app.notifee:core:202108261754] AndroidManifest.xml:42:13-68
241            android:exported="false" >
241-->[app.notifee:core:202108261754] AndroidManifest.xml:43:13-37
242            <intent-filter>
242-->[app.notifee:core:202108261754] AndroidManifest.xml:44:13-48:29
243                <action android:name="android.intent.action.BOOT_COMPLETED" />
243-->[androidx.work:work-runtime:2.7.1] AndroidManifest.xml:117:17-79
243-->[androidx.work:work-runtime:2.7.1] AndroidManifest.xml:117:25-76
244                <action android:name="android.intent.action.QUICKBOOT_POWERON" />
244-->[app.notifee:core:202108261754] AndroidManifest.xml:46:17-82
244-->[app.notifee:core:202108261754] AndroidManifest.xml:46:25-79
245                <action android:name="com.htc.intent.action.QUICKBOOT_POWERON" />
245-->[app.notifee:core:202108261754] AndroidManifest.xml:47:17-82
245-->[app.notifee:core:202108261754] AndroidManifest.xml:47:25-79
246            </intent-filter>
247        </receiver>
248        <receiver
248-->[app.notifee:core:202108261754] AndroidManifest.xml:50:9-56:20
249            android:name="app.notifee.core.AlarmPermissionBroadcastReceiver"
249-->[app.notifee:core:202108261754] AndroidManifest.xml:51:13-77
250            android:exported="true" >
250-->[app.notifee:core:202108261754] AndroidManifest.xml:52:13-36
251            <intent-filter>
251-->[app.notifee:core:202108261754] AndroidManifest.xml:53:13-55:29
252                <action android:name="android.app.action.SCHEDULE_EXACT_ALARM_PERMISSION_STATE_CHANGED" />
252-->[app.notifee:core:202108261754] AndroidManifest.xml:54:17-107
252-->[app.notifee:core:202108261754] AndroidManifest.xml:54:25-104
253            </intent-filter>
254        </receiver>
255        <receiver
255-->[app.notifee:core:202108261754] AndroidManifest.xml:57:9-65:20
256            android:name="app.notifee.core.NotificationAlarmReceiver"
256-->[app.notifee:core:202108261754] AndroidManifest.xml:58:13-70
257            android:exported="false" >
257-->[app.notifee:core:202108261754] AndroidManifest.xml:59:13-37
258            <intent-filter>
258-->[app.notifee:core:202108261754] AndroidManifest.xml:44:13-48:29
259                <action android:name="android.intent.action.BOOT_COMPLETED" />
259-->[androidx.work:work-runtime:2.7.1] AndroidManifest.xml:117:17-79
259-->[androidx.work:work-runtime:2.7.1] AndroidManifest.xml:117:25-76
260                <action android:name="android.intent.action.QUICKBOOT_POWERON" />
260-->[app.notifee:core:202108261754] AndroidManifest.xml:46:17-82
260-->[app.notifee:core:202108261754] AndroidManifest.xml:46:25-79
261                <action android:name="com.htc.intent.action.QUICKBOOT_POWERON" />
261-->[app.notifee:core:202108261754] AndroidManifest.xml:47:17-82
261-->[app.notifee:core:202108261754] AndroidManifest.xml:47:25-79
262            </intent-filter>
263        </receiver> <!-- Broadcast Receiver -->
264        <receiver
264-->[app.notifee:core:202108261754] AndroidManifest.xml:68:9-76:20
265            android:name="app.notifee.core.BlockStateBroadcastReceiver"
265-->[app.notifee:core:202108261754] AndroidManifest.xml:69:13-72
266            android:exported="false" >
266-->[app.notifee:core:202108261754] AndroidManifest.xml:70:13-37
267            <intent-filter>
267-->[app.notifee:core:202108261754] AndroidManifest.xml:71:13-75:29
268                <action android:name="android.app.action.APP_BLOCK_STATE_CHANGED" />
268-->[app.notifee:core:202108261754] AndroidManifest.xml:72:17-85
268-->[app.notifee:core:202108261754] AndroidManifest.xml:72:25-82
269                <action android:name="android.app.action.NOTIFICATION_CHANNEL_BLOCK_STATE_CHANGED" />
269-->[app.notifee:core:202108261754] AndroidManifest.xml:73:17-102
269-->[app.notifee:core:202108261754] AndroidManifest.xml:73:25-99
270                <action android:name="android.app.action.NOTIFICATION_CHANNEL_GROUP_BLOCK_STATE_CHANGED" />
270-->[app.notifee:core:202108261754] AndroidManifest.xml:74:17-108
270-->[app.notifee:core:202108261754] AndroidManifest.xml:74:25-105
271            </intent-filter>
272        </receiver>
273    </application>
274
275</manifest>